<?xml version="1.0" encoding="UTF-8"?>
<testsuite xmlns:xsi="http://www.w3.org/2001/XMLSchema-instance" xsi:noNamespaceSchemaLocation="https://maven.apache.org/surefire/maven-surefire-plugin/xsd/surefire-test-report-3.0.xsd" version="3.0" name="com.example.tictactoegame.TictactoeTest" time="0.084" tests="15" errors="0" skipped="0" failures="0">
  <properties>
    <property name="java.specification.version" value="17"/>
    <property name="sun.jnu.encoding" value="UTF-8"/>
    <property name="java.class.path" value="/Users/vladpetrishin/tictactoe/tictactoe/target/test-classes:/Users/vladpetrishin/tictactoe/tictactoe/target/classes:/Users/vladpetrishin/.m2/repository/org/junit/jupiter/junit-jupiter-api/5.6.0/junit-jupiter-api-5.6.0.jar:/Users/vladpetrishin/.m2/repository/org/apiguardian/apiguardian-api/1.1.0/apiguardian-api-1.1.0.jar:/Users/vladpetrishin/.m2/repository/org/opentest4j/opentest4j/1.2.0/opentest4j-1.2.0.jar:/Users/vladpetrishin/.m2/repository/org/junit/platform/junit-platform-commons/1.6.0/junit-platform-commons-1.6.0.jar:/Users/vladpetrishin/.m2/repository/org/junit/jupiter/junit-jupiter-engine/5.6.0/junit-jupiter-engine-5.6.0.jar:/Users/vladpetrishin/.m2/repository/org/junit/platform/junit-platform-engine/1.6.0/junit-platform-engine-1.6.0.jar:"/>
    <property name="java.vm.vendor" value="Oracle Corporation"/>
    <property name="sun.arch.data.model" value="64"/>
    <property name="java.vendor.url" value="https://java.oracle.com/"/>
    <property name="os.name" value="Mac OS X"/>
    <property name="java.vm.specification.version" value="17"/>
    <property name="sun.java.launcher" value="SUN_STANDARD"/>
    <property name="user.country" value="UA"/>
    <property name="sun.boot.library.path" value="/Library/Java/JavaVirtualMachines/jdk-17.jdk/Contents/Home/lib"/>
    <property name="sun.java.command" value="/Users/vladpetrishin/tictactoe/tictactoe/target/surefire/surefirebooter13815260190806179178.jar /Users/vladpetrishin/tictactoe/tictactoe/target/surefire 2023-07-09T19-34-14_405-jvmRun1 surefire4245430859733782845tmp surefire_017810507408002830741tmp"/>
    <property name="http.nonProxyHosts" value="local|*.local|169.254/16|*.169.254/16"/>
    <property name="jdk.debug" value="release"/>
    <property name="surefire.test.class.path" value="/Users/vladpetrishin/tictactoe/tictactoe/target/test-classes:/Users/vladpetrishin/tictactoe/tictactoe/target/classes:/Users/vladpetrishin/.m2/repository/org/junit/jupiter/junit-jupiter-api/5.6.0/junit-jupiter-api-5.6.0.jar:/Users/vladpetrishin/.m2/repository/org/apiguardian/apiguardian-api/1.1.0/apiguardian-api-1.1.0.jar:/Users/vladpetrishin/.m2/repository/org/opentest4j/opentest4j/1.2.0/opentest4j-1.2.0.jar:/Users/vladpetrishin/.m2/repository/org/junit/platform/junit-platform-commons/1.6.0/junit-platform-commons-1.6.0.jar:/Users/vladpetrishin/.m2/repository/org/junit/jupiter/junit-jupiter-engine/5.6.0/junit-jupiter-engine-5.6.0.jar:/Users/vladpetrishin/.m2/repository/org/junit/platform/junit-platform-engine/1.6.0/junit-platform-engine-1.6.0.jar:"/>
    <property name="sun.cpu.endian" value="little"/>
    <property name="user.home" value="/Users/vladpetrishin"/>
    <property name="user.language" value="en"/>
    <property name="java.specification.vendor" value="Oracle Corporation"/>
    <property name="java.version.date" value="2023-01-17"/>
    <property name="java.home" value="/Library/Java/JavaVirtualMachines/jdk-17.jdk/Contents/Home"/>
    <property name="file.separator" value="/"/>
    <property name="basedir" value="/Users/vladpetrishin/tictactoe/tictactoe"/>
    <property name="java.vm.compressedOopsMode" value="Zero based"/>
    <property name="line.separator" value="&#10;"/>
    <property name="java.specification.name" value="Java Platform API Specification"/>
    <property name="java.vm.specification.vendor" value="Oracle Corporation"/>
    <property name="surefire.real.class.path" value="/Users/vladpetrishin/tictactoe/tictactoe/target/surefire/surefirebooter13815260190806179178.jar"/>
    <property name="sun.management.compiler" value="HotSpot 64-Bit Tiered Compilers"/>
    <property name="ftp.nonProxyHosts" value="local|*.local|169.254/16|*.169.254/16"/>
    <property name="java.runtime.version" value="17.0.6+9-LTS-190"/>
    <property name="user.name" value="vladpetrishin"/>
    <property name="path.separator" value=":"/>
    <property name="os.version" value="13.4"/>
    <property name="java.runtime.name" value="Java(TM) SE Runtime Environment"/>
    <property name="file.encoding" value="UTF-8"/>
    <property name="java.vm.name" value="Java HotSpot(TM) 64-Bit Server VM"/>
    <property name="localRepository" value="/Users/vladpetrishin/.m2/repository"/>
    <property name="java.vendor.url.bug" value="https://bugreport.java.com/bugreport/"/>
    <property name="java.io.tmpdir" value="/var/folders/lw/vjj0psj57cl5j_kz5cczv2xc0000gn/T/"/>
    <property name="java.version" value="17.0.6"/>
    <property name="user.dir" value="/Users/vladpetrishin/tictactoe/tictactoe"/>
    <property name="os.arch" value="x86_64"/>
    <property name="java.vm.specification.name" value="Java Virtual Machine Specification"/>
    <property name="native.encoding" value="UTF-8"/>
    <property name="java.library.path" value="/Users/vladpetrishin/Library/Java/Extensions:/Library/Java/Extensions:/Network/Library/Java/Extensions:/System/Library/Java/Extensions:/usr/lib/java:."/>
    <property name="java.vm.info" value="mixed mode, sharing"/>
    <property name="java.vendor" value="Oracle Corporation"/>
    <property name="java.vm.version" value="17.0.6+9-LTS-190"/>
    <property name="sun.io.unicode.encoding" value="UnicodeBig"/>
    <property name="socksNonProxyHosts" value="local|*.local|169.254/16|*.169.254/16"/>
    <property name="java.class.version" value="61.0"/>
  </properties>
  <testcase name="testSecondPlayerWinnerByRightDiagonal" classname="com.example.tictactoegame.TictactoeTest" time="0.008"/>
  <testcase name="testDraw" classname="com.example.tictactoegame.TictactoeTest" time="0.01"/>
  <testcase name="testNoEnoughMovesWhenParamIsNull" classname="com.example.tictactoegame.TictactoeTest" time="0.001"/>
  <testcase name="testFirstPlayerWinnerByRightDiagonal" classname="com.example.tictactoegame.TictactoeTest" time="0.001"/>
  <testcase name="testFirstPlayerWinnerByLeftDiagonal" classname="com.example.tictactoegame.TictactoeTest" time="0.001"/>
  <testcase name="testWrongInputRowsEmptyMove" classname="com.example.tictactoegame.TictactoeTest" time="0.001"/>
  <testcase name="testWrongInputRowsImpossibleMove" classname="com.example.tictactoegame.TictactoeTest" time="0.004"/>
  <testcase name="testFirstPlayerWinnerByRow" classname="com.example.tictactoegame.TictactoeTest" time="0.001"/>
  <testcase name="testWrongInputColsOutOfBounds" classname="com.example.tictactoegame.TictactoeTest" time="0"/>
  <testcase name="testNoEnoughMoves" classname="com.example.tictactoegame.TictactoeTest" time="0"/>
  <testcase name="testSecondPlayerWinnerByColumn" classname="com.example.tictactoegame.TictactoeTest" time="0.007"/>
  <testcase name="testFirstPlayerWinnerByColumn" classname="com.example.tictactoegame.TictactoeTest" time="0.006"/>
  <testcase name="testSecondPlayerWinnerByRow" classname="com.example.tictactoegame.TictactoeTest" time="0.001"/>
  <testcase name="testWrongInputRowsOutOfBounds" classname="com.example.tictactoegame.TictactoeTest" time="0.001"/>
  <testcase name="testSecondPlayerWinnerByLeftDiagonal" classname="com.example.tictactoegame.TictactoeTest" time="0.001"/>
</testsuite>